<?xml version="1.0" encoding="UTF-8"?>
<testng-results ignored="0" total="1" passed="1" failed="0" skipped="0">
  <reporter-output>
  </reporter-output>
  <suite started-at="2023-11-06T15:22:53 AST" name="Default suite" finished-at="2023-11-06T15:22:55 AST" duration-ms="2233">
    <groups>
    </groups>
    <test started-at="2023-11-06T15:22:53 AST" name="Default test" finished-at="2023-11-06T15:22:55 AST" duration-ms="2233">
      <class name="MyTestCase">
        <test-method is-config="true" signature="PreTesting()[pri:0, instance:MyTestCase@37fbe4a8]" started-at="2023-11-06T15:22:53 AST" name="PreTesting" finished-at="2023-11-06T15:22:54 AST" duration-ms="1819" status="PASS">
          <reporter-output>
          </reporter-output>
        </test-method> <!-- PreTesting -->
        <test-method signature="searchforlinkedin()[pri:0, instance:MyTestCase@37fbe4a8]" started-at="2023-11-06T15:22:54 AST" name="searchforlinkedin" finished-at="2023-11-06T15:22:55 AST" duration-ms="322" status="PASS">
          <reporter-output>
          </reporter-output>
        </test-method> <!-- searchforlinkedin -->
        <test-method is-config="true" signature="PostTesting()[pri:0, instance:MyTestCase@37fbe4a8]" started-at="2023-11-06T15:22:55 AST" name="PostTesting" finished-at="2023-11-06T15:22:55 AST" duration-ms="0" status="PASS">
          <reporter-output>
          </reporter-output>
        </test-method> <!-- PostTesting -->
      </class> <!-- MyTestCase -->
    </test> <!-- Default test -->
  </suite> <!-- Default suite -->
</testng-results>
