<?xml version="1.0" encoding="UTF-8"?>
<testng-results ignored="0" total="1" passed="1" failed="0" skipped="0">
  <reporter-output>
  </reporter-output>
  <suite started-at="2023-11-24T15:47:00 AST" name="Default suite" finished-at="2023-11-24T15:47:25 AST" duration-ms="24817">
    <groups>
    </groups>
    <test started-at="2023-11-24T15:47:00 AST" name="Default test" finished-at="2023-11-24T15:47:25 AST" duration-ms="24817">
      <class name="TestCases">
        <test-method is-config="true" signature="setup()[pri:0, instance:TestCases@13006998]" started-at="2023-11-24T15:47:00 AST" name="setup" finished-at="2023-11-24T15:47:24 AST" duration-ms="24211" status="PASS">
          <reporter-output>
          </reporter-output>
        </test-method> <!-- setup -->
        <test-method signature="Logintest()[pri:0, instance:TestCases@13006998]" started-at="2023-11-24T15:47:24 AST" name="Logintest" finished-at="2023-11-24T15:47:25 AST" duration-ms="588" status="PASS">
          <reporter-output>
          </reporter-output>
        </test-method> <!-- Logintest -->
      </class> <!-- TestCases -->
    </test> <!-- Default test -->
  </suite> <!-- Default suite -->
</testng-results>
