<?xml version="1.0" encoding="UTF-8"?>
<testng-results ignored="0" total="1" passed="1" failed="0" skipped="0">
  <reporter-output>
  </reporter-output>
  <suite started-at="2023-11-18T15:52:58 AST" name="Default suite" finished-at="2023-11-18T15:53:22 AST" duration-ms="23568">
    <groups>
    </groups>
    <test started-at="2023-11-18T15:52:58 AST" name="Default test" finished-at="2023-11-18T15:53:22 AST" duration-ms="23568">
      <class name="classtwo">
        <test-method is-config="true" signature="mysetup()[pri:0, instance:classtwo@37fbe4a8]" started-at="2023-11-18T15:52:58 AST" name="mysetup" finished-at="2023-11-18T15:53:21 AST" duration-ms="23002" status="PASS">
          <reporter-output>
          </reporter-output>
        </test-method> <!-- mysetup -->
        <test-method signature="firsttestcase()[pri:0, instance:classtwo@37fbe4a8]" started-at="2023-11-18T15:53:21 AST" name="firsttestcase" finished-at="2023-11-18T15:53:22 AST" duration-ms="526" status="PASS">
          <reporter-output>
          </reporter-output>
        </test-method> <!-- firsttestcase -->
        <test-method is-config="true" signature="Posttesting()[pri:0, instance:classtwo@37fbe4a8]" started-at="2023-11-18T15:53:22 AST" name="Posttesting" finished-at="2023-11-18T15:53:22 AST" duration-ms="0" status="PASS">
          <reporter-output>
          </reporter-output>
        </test-method> <!-- Posttesting -->
      </class> <!-- classtwo -->
    </test> <!-- Default test -->
  </suite> <!-- Default suite -->
</testng-results>
