<?xml version="1.0" encoding="UTF-8"?>
<testng-results ignored="0" total="1" passed="1" failed="0" skipped="0">
  <reporter-output>
  </reporter-output>
  <suite started-at="2023-11-03T18:18:12 AST" name="Default suite" finished-at="2023-11-03T18:18:34 AST" duration-ms="21881">
    <groups>
    </groups>
    <test started-at="2023-11-03T18:18:12 AST" name="Default test" finished-at="2023-11-03T18:18:34 AST" duration-ms="21881">
      <class name="MyTestCases.MyClass">
        <test-method is-config="true" signature="MySetup()[pri:0, instance:MyTestCases.MyClass@10027fc9]" started-at="2023-11-03T18:18:12 AST" name="MySetup" finished-at="2023-11-03T18:18:34 AST" duration-ms="21521" status="PASS">
          <reporter-output>
          </reporter-output>
        </test-method> <!-- MySetup -->
        <test-method signature="Login()[pri:0, instance:MyTestCases.MyClass@10027fc9]" started-at="2023-11-03T18:18:34 AST" name="Login" finished-at="2023-11-03T18:18:34 AST" duration-ms="316" status="PASS">
          <reporter-output>
          </reporter-output>
        </test-method> <!-- Login -->
        <test-method is-config="true" signature="PostTrsting()[pri:0, instance:MyTestCases.MyClass@10027fc9]" started-at="2023-11-03T18:18:34 AST" name="PostTrsting" finished-at="2023-11-03T18:18:34 AST" duration-ms="2" status="PASS">
          <reporter-output>
          </reporter-output>
        </test-method> <!-- PostTrsting -->
      </class> <!-- MyTestCases.MyClass -->
    </test> <!-- Default test -->
  </suite> <!-- Default suite -->
</testng-results>
