<?xml version="1.0" encoding="UTF-8"?>
<testng-results ignored="0" total="2" passed="2" failed="0" skipped="0">
  <reporter-output>
  </reporter-output>
  <suite started-at="2023-11-24T19:44:51 AST" name="Default suite" finished-at="2023-11-24T19:45:21 AST" duration-ms="30081">
    <groups>
    </groups>
    <test started-at="2023-11-24T19:44:51 AST" name="Default test" finished-at="2023-11-24T19:45:21 AST" duration-ms="30081">
      <class name="almosafer.testcasesforalmmosafer">
        <test-method is-config="true" signature="setup()[pri:0, instance:almosafer.testcasesforalmmosafer@37fbe4a8]" started-at="2023-11-24T19:44:51 AST" name="setup" finished-at="2023-11-24T19:45:21 AST" duration-ms="29965" status="PASS">
          <reporter-output>
          </reporter-output>
        </test-method> <!-- setup -->
        <test-method signature="testthelanguage()[pri:1, instance:almosafer.testcasesforalmmosafer@37fbe4a8]" started-at="2023-11-24T19:45:21 AST" name="testthelanguage" finished-at="2023-11-24T19:45:21 AST" duration-ms="44" status="PASS">
          <reporter-output>
          </reporter-output>
        </test-method> <!-- testthelanguage -->
        <test-method signature="testthecurrency()[pri:2, instance:almosafer.testcasesforalmmosafer@37fbe4a8]" started-at="2023-11-24T19:45:21 AST" name="testthecurrency" finished-at="2023-11-24T19:45:21 AST" duration-ms="35" status="PASS">
          <reporter-output>
          </reporter-output>
        </test-method> <!-- testthecurrency -->
        <test-method is-config="true" signature="posttest()[pri:0, instance:almosafer.testcasesforalmmosafer@37fbe4a8]" started-at="2023-11-24T19:45:21 AST" name="posttest" finished-at="2023-11-24T19:45:21 AST" duration-ms="0" status="PASS">
          <reporter-output>
          </reporter-output>
        </test-method> <!-- posttest -->
      </class> <!-- almosafer.testcasesforalmmosafer -->
    </test> <!-- Default test -->
  </suite> <!-- Default suite -->
</testng-results>
